<?xml version="1.0" encoding="UTF-8"?>
<testng-results skipped="0" failed="0" total="1" passed="1">
  <reporter-output>
  </reporter-output>
  <suite name="Default suite" duration-ms="39340" started-at="2016-10-20T07:28:10Z" finished-at="2016-10-20T07:28:49Z">
    <groups>
    </groups>
    <test name="Default test" duration-ms="39340" started-at="2016-10-20T07:28:10Z" finished-at="2016-10-20T07:28:49Z">
      <class name="com.wfmtesting.testng.Admin_NotificationReport">
        <test-method status="PASS" signature="CreateUsersFromCSV()[pri:0, instance:com.wfmtesting.testng.Admin_NotificationReport@482f8f11]" name="CreateUsersFromCSV" duration-ms="39314" started-at="2016-10-20T12:28:10Z" finished-at="2016-10-20T12:28:49Z">
          <reporter-output>
          </reporter-output>
        </test-method> <!-- CreateUsersFromCSV -->
      </class> <!-- com.wfmtesting.testng.Admin_NotificationReport -->
    </test> <!-- Default test -->
  </suite> <!-- Default suite -->
</testng-results>
